-------------------------------------------------------------------------------
Test set: com.practice.Kafkademo.KafkaDemoApplicationTests
-------------------------------------------------------------------------------
Tests run: 1, Failures: 0, Errors: 1, Skipped: 0, Time elapsed: 0.164 s <<< FAILURE! - in com.practice.Kafkademo.KafkaDemoApplicationTests
com.practice.Kafkademo.KafkaDemoApplicationTests  Time elapsed: 0.163 s  <<< ERROR!
java.lang.NullPointerException: Cannot invoke "java.lang.Class.getName()" because "found" is null

