<?xml version="1.0" encoding="UTF-8"?>
<testsuite xmlns:xsi="http://www.w3.org/2001/XMLSchema-instance" xsi:noNamespaceSchemaLocation="https://maven.apache.org/surefire/maven-surefire-plugin/xsd/surefire-test-report.xsd" name="com.practice.Kafkademo.KafkaDemoApplicationTests" time="0.164" tests="1" errors="1" skipped="0" failures="0">
  <properties>
[...]
</properties>
  <testcase name="com.practice.Kafkademo.KafkaDemoApplicationTests" classname="com.practice.Kafkademo.KafkaDemoApplicationTests" time="0.163">
    <error message="Cannot invoke &quot;java.lang.Class.getName()&quot; because &quot;found&quot; is null" type="java.lang.NullPointerException">java.lang.NullPointerException: Cannot invoke "java.lang.Class.getName()" because "found" is null
</error>
    <system-out><![CDATA[17:34:22.004 [main] DEBUG org.springframework.boot.test.context.SpringBootTestContextBootstrapper - Neither @ContextConfiguration nor @ContextHierarchy found for test class [KafkaDemoApplicationTests]: using SpringBootContextLoader
17:34:22.006 [main] DEBUG org.springframework.test.context.support.AbstractContextLoader - Could not detect default resource locations for test class [com.practice.Kafkademo.KafkaDemoApplicationTests]: no resource found for suffixes {-context.xml, Context.groovy}.
17:34:22.006 [main] INFO org.springframework.test.context.support.AnnotationConfigContextLoaderUtils - Could not detect default configuration classes for test class [com.practice.Kafkademo.KafkaDemoApplicationTests]: KafkaDemoApplicationTests does not declare any static, non-private, non-final, nested classes annotated with @Configuration.
17:34:22.028 [main] DEBUG org.springframework.boot.test.context.SpringBootTestContextBootstrapper - Using ContextCustomizers for test class [KafkaDemoApplicationTests]: [ExcludeFilterContextCustomizer, DuplicateJsonObjectContextCustomizer, MockitoContextCustomizer, TestRestTemplateContextCustomizer, DisableObservabilityContextCustomizer, PropertyMappingContextCustomizer, Customizer]
]]></system-out>
  </testcase>
</testsuite>